  Engine.cpp
c:\users\raos\documents\c++\gameengine_ar\gameengine_ar\components.h(208): warning C4244: 'argument': conversion from 'const uint32_t' to 'float', possible loss of data
c:\users\raos\documents\c++\gameengine_ar\gameengine_ar\components.h(300): warning C4244: 'argument': conversion from 'int' to 'float', possible loss of data
  AnimationSystem.cpp
c:\users\raos\documents\c++\gameengine_ar\gameengine_ar\components.h(208): warning C4244: 'argument': conversion from 'const uint32_t' to 'float', possible loss of data
c:\users\raos\documents\c++\gameengine_ar\gameengine_ar\components.h(300): warning C4244: 'argument': conversion from 'int' to 'float', possible loss of data
  InputSystem.cpp
c:\users\raos\documents\c++\gameengine_ar\gameengine_ar\components.h(208): warning C4244: 'argument': conversion from 'const uint32_t' to 'float', possible loss of data
c:\users\raos\documents\c++\gameengine_ar\gameengine_ar\components.h(300): warning C4244: 'argument': conversion from 'int' to 'float', possible loss of data
  MovementSystem.cpp
c:\users\raos\documents\c++\gameengine_ar\gameengine_ar\components.h(208): warning C4244: 'argument': conversion from 'const uint32_t' to 'float', possible loss of data
c:\users\raos\documents\c++\gameengine_ar\gameengine_ar\components.h(300): warning C4244: 'argument': conversion from 'int' to 'float', possible loss of data
c:\users\raos\documents\c++\gameengine_ar\gameengine_ar\systems\movementsystem.cpp(19): warning C4244: 'argument': conversion from 'int' to 'T', possible loss of data
          with
          [
              T=float
          ]
c:\users\raos\documents\c++\gameengine_ar\gameengine_ar\systems\movementsystem.cpp(26): warning C4244: '=': conversion from 'double' to 'float', possible loss of data
c:\users\raos\documents\c++\gameengine_ar\gameengine_ar\systems\movementsystem.cpp(27): warning C4244: '=': conversion from 'double' to 'float', possible loss of data
c:\users\raos\documents\c++\gameengine_ar\gameengine_ar\systems\movementsystem.cpp(33): warning C4244: '=': conversion from 'double' to 'float', possible loss of data
c:\users\raos\documents\c++\gameengine_ar\gameengine_ar\systems\movementsystem.cpp(34): warning C4244: '=': conversion from 'double' to 'float', possible loss of data
c:\users\raos\documents\c++\gameengine_ar\gameengine_ar\systems\movementsystem.cpp(63): warning C4244: '=': conversion from 'double' to 'float', possible loss of data
c:\users\raos\documents\c++\gameengine_ar\gameengine_ar\systems\movementsystem.cpp(64): warning C4244: '=': conversion from 'double' to 'float', possible loss of data
c:\users\raos\documents\c++\gameengine_ar\gameengine_ar\systems\movementsystem.cpp(74): warning C4244: '=': conversion from 'double' to 'float', possible loss of data
c:\users\raos\documents\c++\gameengine_ar\gameengine_ar\systems\movementsystem.cpp(75): warning C4244: '=': conversion from 'double' to 'float', possible loss of data
  PhysicsSystem.cpp
c:\users\raos\documents\c++\gameengine_ar\gameengine_ar\components.h(208): warning C4244: 'argument': conversion from 'const uint32_t' to 'float', possible loss of data
c:\users\raos\documents\c++\gameengine_ar\gameengine_ar\components.h(300): warning C4244: 'argument': conversion from 'int' to 'float', possible loss of data
c:\users\raos\documents\c++\gameengine_ar\gameengine_ar\systems\physicssystem.cpp(172): warning C4244: 'argument': conversion from 'float' to 'int', possible loss of data
c:\users\raos\documents\c++\gameengine_ar\gameengine_ar\systems\physicssystem.cpp(171): warning C4244: 'argument': conversion from 'float' to 'int', possible loss of data
  RenderingSystem.cpp
c:\users\raos\documents\c++\gameengine_ar\gameengine_ar\components.h(208): warning C4244: 'argument': conversion from 'const uint32_t' to 'float', possible loss of data
c:\users\raos\documents\c++\gameengine_ar\gameengine_ar\components.h(300): warning C4244: 'argument': conversion from 'int' to 'float', possible loss of data
  TileMapSystem.cpp
c:\users\raos\documents\c++\gameengine_ar\gameengine_ar\components.h(208): warning C4244: 'argument': conversion from 'const uint32_t' to 'float', possible loss of data
c:\users\raos\documents\c++\gameengine_ar\gameengine_ar\components.h(300): warning C4244: 'argument': conversion from 'int' to 'float', possible loss of data
  Generating Code...
  GameEngine_AR.vcxproj -> C:\Users\Raos\Documents\C++\GameEngine_AR\GameEngine_AR\lib\GameEngine_AR.lib
