c:\users\raos\documents\c++\gameengine_ar\gameengine_ar\debug\gameengine_ar.pdb
c:\users\raos\documents\c++\gameengine_ar\gameengine_ar\debug\gameengine_ar.idb
c:\users\raos\documents\c++\gameengine_ar\gameengine_ar\debug\tile.obj
c:\users\raos\documents\c++\gameengine_ar\gameengine_ar\debug\tilemapsystem.obj
c:\users\raos\documents\c++\gameengine_ar\gameengine_ar\debug\renderingsystem.obj
c:\users\raos\documents\c++\gameengine_ar\gameengine_ar\debug\physicssystem.obj
c:\users\raos\documents\c++\gameengine_ar\gameengine_ar\debug\movementsystem.obj
c:\users\raos\documents\c++\gameengine_ar\gameengine_ar\debug\inputsystem.obj
c:\users\raos\documents\c++\gameengine_ar\gameengine_ar\debug\animationsystem.obj
c:\users\raos\documents\c++\gameengine_ar\gameengine_ar\debug\states.obj
c:\users\raos\documents\c++\gameengine_ar\gameengine_ar\debug\pausemenu.obj
c:\users\raos\documents\c++\gameengine_ar\gameengine_ar\debug\maincamera.obj
c:\users\raos\documents\c++\gameengine_ar\gameengine_ar\debug\buttonmap.obj
c:\users\raos\documents\c++\gameengine_ar\gameengine_ar\debug\button.obj
c:\users\raos\documents\c++\gameengine_ar\gameengine_ar\debug\engine.obj
c:\users\raos\documents\c++\gameengine_ar\gameengine_ar\lib\gameengine_ar.lib
c:\users\raos\documents\c++\gameengine_ar\gameengine_ar\lib\gameengine_ar.pdb
c:\users\raos\documents\c++\gameengine_ar\gameengine_ar\debug\gameengine_ar.tlog\cl.command.1.tlog
c:\users\raos\documents\c++\gameengine_ar\gameengine_ar\debug\gameengine_ar.tlog\cl.read.1.tlog
c:\users\raos\documents\c++\gameengine_ar\gameengine_ar\debug\gameengine_ar.tlog\cl.write.1.tlog
c:\users\raos\documents\c++\gameengine_ar\gameengine_ar\debug\gameengine_ar.tlog\lib-link.read.1.tlog
c:\users\raos\documents\c++\gameengine_ar\gameengine_ar\debug\gameengine_ar.tlog\lib-link.write.1.tlog
c:\users\raos\documents\c++\gameengine_ar\gameengine_ar\debug\gameengine_ar.tlog\lib.command.1.tlog
